Started GET "/" for ::1 at 2022-04-20 02:26:02 +0300
  [1m[36mActiveRecord::SchemaMigration Pluck (20.9ms)[0m  [1m[34mSELECT "schema_migrations"."version" FROM "schema_migrations" ORDER BY "schema_migrations"."version" ASC[0m
Processing by FoodsController#index as HTML
  Rendering layout layouts/application.html.erb
  Rendering foods/index.html.erb within layouts/application
  Rendered foods/index.html.erb within layouts/application (Duration: 928.6ms | Allocations: 67605)
  Rendered layout layouts/application.html.erb (Duration: 932.5ms | Allocations: 69289)
Completed 200 OK in 1154ms (Views: 989.3ms | ActiveRecord: 0.0ms | Allocations: 73759)


Started GET "/recipes/index.html.rb" for ::1 at 2022-04-20 02:26:06 +0300
  
ActionController::RoutingError (No route matches [GET] "/recipes/index.html.rb"):
  
Started GET "/recipes/index.html.rb" for ::1 at 2022-04-20 02:26:07 +0300
  
ActionController::RoutingError (No route matches [GET] "/recipes/index.html.rb"):
  
Started GET "/recipes/index.html.rb" for ::1 at 2022-04-20 02:26:08 +0300
  
ActionController::RoutingError (No route matches [GET] "/recipes/index.html.rb"):
  

NameError: constant WebConsole::SourceLocation not defined

          source_location = SourceLocation.new(binding)
                            ^^^^^^^^^^^^^^
	from /home/isaka/Recipe-app/vendor/bundle/ruby/3.1.0/gems/web-console-4.2.0/lib/web_console/exception_mapper.rb:51:in `block in guess_the_first_application_binding'
	from /home/isaka/Recipe-app/vendor/bundle/ruby/3.1.0/gems/web-console-4.2.0/lib/web_console/exception_mapper.rb:50:in `each'
	from /home/isaka/Recipe-app/vendor/bundle/ruby/3.1.0/gems/web-console-4.2.0/lib/web_console/exception_mapper.rb:50:in `find'
	from /home/isaka/Recipe-app/vendor/bundle/ruby/3.1.0/gems/web-console-4.2.0/lib/web_console/exception_mapper.rb:50:in `guess_the_first_application_binding'
	from /home/isaka/Recipe-app/vendor/bundle/ruby/3.1.0/gems/web-console-4.2.0/lib/web_console/exception_mapper.rb:30:in `first'
	from /home/isaka/Recipe-app/vendor/bundle/ruby/3.1.0/gems/web-console-4.2.0/lib/web_console/session.rb:48:in `initialize'
	from /home/isaka/Recipe-app/vendor/bundle/ruby/3.1.0/gems/web-console-4.2.0/lib/web_console/session.rb:34:in `new'
	from /home/isaka/Recipe-app/vendor/bundle/ruby/3.1.0/gems/web-console-4.2.0/lib/web_console/session.rb:34:in `from'
	from /home/isaka/Recipe-app/vendor/bundle/ruby/3.1.0/gems/web-console-4.2.0/lib/web_console/middleware.rb:30:in `block in call'
	from /home/isaka/Recipe-app/vendor/bundle/ruby/3.1.0/gems/web-console-4.2.0/lib/web_console/middleware.rb:17:in `catch'
	from /home/isaka/Recipe-app/vendor/bundle/ruby/3.1.0/gems/web-console-4.2.0/lib/web_console/middleware.rb:17:in `call'
	from /home/isaka/Recipe-app/vendor/bundle/ruby/3.1.0/gems/actionpack-7.0.2.3/lib/action_dispatch/middleware/show_exceptions.rb:26:in `call'
	from /home/isaka/Recipe-app/vendor/bundle/ruby/3.1.0/gems/railties-7.0.2.3/lib/rails/rack/logger.rb:36:in `call_app'
	from /home/isaka/Recipe-app/vendor/bundle/ruby/3.1.0/gems/railties-7.0.2.3/lib/rails/rack/logger.rb:25:in `block in call'
	from /home/isaka/Recipe-app/vendor/bundle/ruby/3.1.0/gems/activesupport-7.0.2.3/lib/active_support/tagged_logging.rb:99:in `block in tagged'
	from /home/isaka/Recipe-app/vendor/bundle/ruby/3.1.0/gems/activesupport-7.0.2.3/lib/active_support/tagged_logging.rb:37:in `tagged'
	from /home/isaka/Recipe-app/vendor/bundle/ruby/3.1.0/gems/activesupport-7.0.2.3/lib/active_support/tagged_logging.rb:99:in `tagged'
	from /home/isaka/Recipe-app/vendor/bundle/ruby/3.1.0/gems/railties-7.0.2.3/lib/rails/rack/logger.rb:25:in `call'
	from /home/isaka/Recipe-app/vendor/bundle/ruby/3.1.0/gems/sprockets-rails-3.4.2/lib/sprockets/rails/quiet_assets.rb:13:in `call'
	from /home/isaka/Recipe-app/vendor/bundle/ruby/3.1.0/gems/actionpack-7.0.2.3/lib/action_dispatch/middleware/remote_ip.rb:93:in `call'
	from /home/isaka/Recipe-app/vendor/bundle/ruby/3.1.0/gems/actionpack-7.0.2.3/lib/action_dispatch/middleware/request_id.rb:26:in `call'
	from /home/isaka/Recipe-app/vendor/bundle/ruby/3.1.0/gems/rack-2.2.3/lib/rack/method_override.rb:24:in `call'
	from /home/isaka/Recipe-app/vendor/bundle/ruby/3.1.0/gems/rack-2.2.3/lib/rack/runtime.rb:22:in `call'
	from /home/isaka/Recipe-app/vendor/bundle/ruby/3.1.0/gems/activesupport-7.0.2.3/lib/active_support/cache/strategy/local_cache_middleware.rb:29:in `call'
	from /home/isaka/Recipe-app/vendor/bundle/ruby/3.1.0/gems/actionpack-7.0.2.3/lib/action_dispatch/middleware/server_timing.rb:20:in `call'
	from /home/isaka/Recipe-app/vendor/bundle/ruby/3.1.0/gems/actionpack-7.0.2.3/lib/action_dispatch/middleware/executor.rb:14:in `call'
	from /home/isaka/Recipe-app/vendor/bundle/ruby/3.1.0/gems/actionpack-7.0.2.3/lib/action_dispatch/middleware/static.rb:23:in `call'
	from /home/isaka/Recipe-app/vendor/bundle/ruby/3.1.0/gems/rack-2.2.3/lib/rack/sendfile.rb:110:in `call'
	from /home/isaka/Recipe-app/vendor/bundle/ruby/3.1.0/gems/actionpack-7.0.2.3/lib/action_dispatch/middleware/host_authorization.rb:137:in `call'
	from /home/isaka/Recipe-app/vendor/bundle/ruby/3.1.0/gems/railties-7.0.2.3/lib/rails/engine.rb:530:in `call'
	from /home/isaka/Recipe-app/vendor/bundle/ruby/3.1.0/gems/puma-5.6.4/lib/puma/configuration.rb:252:in `call'
	from /home/isaka/Recipe-app/vendor/bundle/ruby/3.1.0/gems/puma-5.6.4/lib/puma/request.rb:77:in `block in handle_request'
	from /home/isaka/Recipe-app/vendor/bundle/ruby/3.1.0/gems/puma-5.6.4/lib/puma/thread_pool.rb:340:in `with_force_shutdown'
	from /home/isaka/Recipe-app/vendor/bundle/ruby/3.1.0/gems/puma-5.6.4/lib/puma/request.rb:76:in `handle_request'
	from /home/isaka/Recipe-app/vendor/bundle/ruby/3.1.0/gems/puma-5.6.4/lib/puma/server.rb:441:in `process_client'
	from /home/isaka/Recipe-app/vendor/bundle/ruby/3.1.0/gems/puma-5.6.4/lib/puma/thread_pool.rb:147:in `block in spawn_thread'

NameError: constant WebConsole::SourceLocation not defined

          source_location = SourceLocation.new(binding)
                            ^^^^^^^^^^^^^^
	from /home/isaka/Recipe-app/vendor/bundle/ruby/3.1.0/gems/web-console-4.2.0/lib/web_console/exception_mapper.rb:51:in `block in guess_the_first_application_binding'
	from /home/isaka/Recipe-app/vendor/bundle/ruby/3.1.0/gems/web-console-4.2.0/lib/web_console/exception_mapper.rb:50:in `each'
	from /home/isaka/Recipe-app/vendor/bundle/ruby/3.1.0/gems/web-console-4.2.0/lib/web_console/exception_mapper.rb:50:in `find'
	from /home/isaka/Recipe-app/vendor/bundle/ruby/3.1.0/gems/web-console-4.2.0/lib/web_console/exception_mapper.rb:50:in `guess_the_first_application_binding'
	from /home/isaka/Recipe-app/vendor/bundle/ruby/3.1.0/gems/web-console-4.2.0/lib/web_console/exception_mapper.rb:30:in `first'
	from /home/isaka/Recipe-app/vendor/bundle/ruby/3.1.0/gems/web-console-4.2.0/lib/web_console/session.rb:48:in `initialize'
	from /home/isaka/Recipe-app/vendor/bundle/ruby/3.1.0/gems/web-console-4.2.0/lib/web_console/session.rb:34:in `new'
	from /home/isaka/Recipe-app/vendor/bundle/ruby/3.1.0/gems/web-console-4.2.0/lib/web_console/session.rb:34:in `from'
	from /home/isaka/Recipe-app/vendor/bundle/ruby/3.1.0/gems/web-console-4.2.0/lib/web_console/middleware.rb:30:in `block in call'
	from /home/isaka/Recipe-app/vendor/bundle/ruby/3.1.0/gems/web-console-4.2.0/lib/web_console/middleware.rb:17:in `catch'
	from /home/isaka/Recipe-app/vendor/bundle/ruby/3.1.0/gems/web-console-4.2.0/lib/web_console/middleware.rb:17:in `call'
	from /home/isaka/Recipe-app/vendor/bundle/ruby/3.1.0/gems/actionpack-7.0.2.3/lib/action_dispatch/middleware/show_exceptions.rb:26:in `call'
	from /home/isaka/Recipe-app/vendor/bundle/ruby/3.1.0/gems/railties-7.0.2.3/lib/rails/rack/logger.rb:36:in `call_app'
	from /home/isaka/Recipe-app/vendor/bundle/ruby/3.1.0/gems/railties-7.0.2.3/lib/rails/rack/logger.rb:25:in `block in call'
	from /home/isaka/Recipe-app/vendor/bundle/ruby/3.1.0/gems/activesupport-7.0.2.3/lib/active_support/tagged_logging.rb:99:in `block in tagged'
	from /home/isaka/Recipe-app/vendor/bundle/ruby/3.1.0/gems/activesupport-7.0.2.3/lib/active_support/tagged_logging.rb:37:in `tagged'
	from /home/isaka/Recipe-app/vendor/bundle/ruby/3.1.0/gems/activesupport-7.0.2.3/lib/active_support/tagged_logging.rb:99:in `tagged'
	from /home/isaka/Recipe-app/vendor/bundle/ruby/3.1.0/gems/railties-7.0.2.3/lib/rails/rack/logger.rb:25:in `call'
	from /home/isaka/Recipe-app/vendor/bundle/ruby/3.1.0/gems/sprockets-rails-3.4.2/lib/sprockets/rails/quiet_assets.rb:13:in `call'
	from /home/isaka/Recipe-app/vendor/bundle/ruby/3.1.0/gems/actionpack-7.0.2.3/lib/action_dispatch/middleware/remote_ip.rb:93:in `call'
	from /home/isaka/Recipe-app/vendor/bundle/ruby/3.1.0/gems/actionpack-7.0.2.3/lib/action_dispatch/middleware/request_id.rb:26:in `call'
	from /home/isaka/Recipe-app/vendor/bundle/ruby/3.1.0/gems/rack-2.2.3/lib/rack/method_override.rb:24:in `call'
	from /home/isaka/Recipe-app/vendor/bundle/ruby/3.1.0/gems/rack-2.2.3/lib/rack/runtime.rb:22:in `call'
	from /home/isaka/Recipe-app/vendor/bundle/ruby/3.1.0/gems/activesupport-7.0.2.3/lib/active_support/cache/strategy/local_cache_middleware.rb:29:in `call'
	from /home/isaka/Recipe-app/vendor/bundle/ruby/3.1.0/gems/actionpack-7.0.2.3/lib/action_dispatch/middleware/server_timing.rb:20:in `call'
	from /home/isaka/Recipe-app/vendor/bundle/ruby/3.1.0/gems/actionpack-7.0.2.3/lib/action_dispatch/middleware/executor.rb:14:in `call'
	from /home/isaka/Recipe-app/vendor/bundle/ruby/3.1.0/gems/actionpack-7.0.2.3/lib/action_dispatch/middleware/static.rb:23:in `call'
	from /home/isaka/Recipe-app/vendor/bundle/ruby/3.1.0/gems/rack-2.2.3/lib/rack/sendfile.rb:110:in `call'
	from /home/isaka/Recipe-app/vendor/bundle/ruby/3.1.0/gems/actionpack-7.0.2.3/lib/action_dispatch/middleware/host_authorization.rb:137:in `call'
	from /home/isaka/Recipe-app/vendor/bundle/ruby/3.1.0/gems/railties-7.0.2.3/lib/rails/engine.rb:530:in `call'
	from /home/isaka/Recipe-app/vendor/bundle/ruby/3.1.0/gems/puma-5.6.4/lib/puma/configuration.rb:252:in `call'
	from /home/isaka/Recipe-app/vendor/bundle/ruby/3.1.0/gems/puma-5.6.4/lib/puma/request.rb:77:in `block in handle_request'
	from /home/isaka/Recipe-app/vendor/bundle/ruby/3.1.0/gems/puma-5.6.4/lib/puma/thread_pool.rb:340:in `with_force_shutdown'
	from /home/isaka/Recipe-app/vendor/bundle/ruby/3.1.0/gems/puma-5.6.4/lib/puma/request.rb:76:in `handle_request'
	from /home/isaka/Recipe-app/vendor/bundle/ruby/3.1.0/gems/puma-5.6.4/lib/puma/server.rb:441:in `process_client'
	from /home/isaka/Recipe-app/vendor/bundle/ruby/3.1.0/gems/puma-5.6.4/lib/puma/thread_pool.rb:147:in `block in spawn_thread'
Started GET "/" for ::1 at 2022-04-20 02:26:18 +0300
Processing by FoodsController#index as HTML
  Rendering layout layouts/application.html.erb
  Rendering foods/index.html.erb within layouts/application
  Rendered foods/index.html.erb within layouts/application (Duration: 8.5ms | Allocations: 2316)
  Rendered layout layouts/application.html.erb (Duration: 18.6ms | Allocations: 3703)
Completed 200 OK in 24ms (Views: 23.3ms | ActiveRecord: 0.0ms | Allocations: 4023)


Started GET "/" for ::1 at 2022-04-20 02:26:19 +0300
Processing by FoodsController#index as HTML
  Rendering layout layouts/application.html.erb
  Rendering foods/index.html.erb within layouts/application
  Rendered foods/index.html.erb within layouts/application (Duration: 24.0ms | Allocations: 2142)
  Rendered layout layouts/application.html.erb (Duration: 33.9ms | Allocations: 3522)
Completed 200 OK in 41ms (Views: 39.9ms | ActiveRecord: 0.0ms | Allocations: 3796)


Started GET "/" for ::1 at 2022-04-20 02:28:41 +0300
Processing by FoodsController#index as HTML
  Rendering layout layouts/application.html.erb
  Rendering foods/index.html.erb within layouts/application
  Rendered foods/index.html.erb within layouts/application (Duration: 14.3ms | Allocations: 2634)
  Rendered layout layouts/application.html.erb (Duration: 20.7ms | Allocations: 4399)
Completed 200 OK in 26ms (Views: 24.4ms | ActiveRecord: 0.0ms | Allocations: 5247)


Started GET "/recipes" for ::1 at 2022-04-20 02:28:42 +0300
Processing by RecipesController#index as HTML
  Rendering layout layouts/application.html.erb
  Rendering recipes/index.html.erb within layouts/application
  Rendered recipes/index.html.erb within layouts/application (Duration: 4.5ms | Allocations: 2661)
  Rendered layout layouts/application.html.erb (Duration: 7.0ms | Allocations: 4126)
Completed 200 OK in 139ms (Views: 8.5ms | ActiveRecord: 0.0ms | Allocations: 7599)


Started GET "/recipes" for ::1 at 2022-04-20 02:28:46 +0300
Processing by RecipesController#index as HTML
  Rendering layout layouts/application.html.erb
  Rendering recipes/index.html.erb within layouts/application
  Rendered recipes/index.html.erb within layouts/application (Duration: 16.9ms | Allocations: 2163)
  Rendered layout layouts/application.html.erb (Duration: 23.6ms | Allocations: 3575)
Completed 200 OK in 29ms (Views: 28.7ms | ActiveRecord: 0.0ms | Allocations: 3886)


Started GET "/recipes" for ::1 at 2022-04-20 02:29:51 +0300
Processing by RecipesController#index as HTML
  Rendering layout layouts/application.html.erb
  Rendering recipes/index.html.erb within layouts/application
  Rendered recipes/index.html.erb within layouts/application (Duration: 9.6ms | Allocations: 2586)
  Rendered layout layouts/application.html.erb (Duration: 14.8ms | Allocations: 4311)
Completed 200 OK in 27ms (Views: 26.3ms | ActiveRecord: 0.0ms | Allocations: 5188)


Started GET "/recipes" for ::1 at 2022-04-20 02:50:47 +0300
Processing by RecipesController#index as HTML
  Rendering layout layouts/application.html.erb
  Rendering recipes/index.html.erb within layouts/application
  Rendered recipes/index.html.erb within layouts/application (Duration: 19.3ms | Allocations: 2602)
  Rendered layout layouts/application.html.erb (Duration: 37.8ms | Allocations: 4327)
Completed 200 OK in 57ms (Views: 51.6ms | Allocations: 5209)


Started GET "/recipes" for ::1 at 2022-04-20 02:50:47 +0300
Processing by RecipesController#index as HTML
  Rendering layout layouts/application.html.erb
  Rendering recipes/index.html.erb within layouts/application
  Rendered recipes/index.html.erb within layouts/application (Duration: 24.8ms | Allocations: 2126)
  Rendered layout layouts/application.html.erb (Duration: 40.3ms | Allocations: 3538)
Completed 200 OK in 48ms (Views: 45.2ms | Allocations: 3846)


Started GET "/recipes" for ::1 at 2022-04-20 02:50:48 +0300
Processing by RecipesController#index as HTML
  Rendering layout layouts/application.html.erb
  Rendering recipes/index.html.erb within layouts/application
  Rendered recipes/index.html.erb within layouts/application (Duration: 22.1ms | Allocations: 2147)
  Rendered layout layouts/application.html.erb (Duration: 34.3ms | Allocations: 3559)
Completed 200 OK in 40ms (Views: 39.2ms | Allocations: 3841)


Started GET "/recipes" for ::1 at 2022-04-20 03:14:22 +0300
Processing by RecipesController#index as HTML
  Rendering layout layouts/application.html.erb
  Rendering recipes/index.html.erb within layouts/application
  Rendered recipes/index.html.erb within layouts/application (Duration: 38.9ms | Allocations: 18733)
  Rendered layout layouts/application.html.erb (Duration: 39.3ms | Allocations: 18827)
Completed 500 Internal Server Error in 47ms (Allocations: 20880)


  
ActionView::Template::Error (undefined method `article_path' for #<ActionView::Base:0x00000000012818>

'.freeze;@output_buffer.append=( link_to "Destroy", article_path(@article), data: {
                                                    ^^^^^^^^^^^^):
    10:   </head>
    11: 
    12:   <body>
    13: <%= link_to "Destroy", article_path(@article), data: {
    14:                     turbo_method: :delete,
    15:                     turbo_confirm: "Are you sure?"
    16:                   } %>  
  
app/views/recipes/index.html.erb:13
Started GET "/recipes" for ::1 at 2022-04-20 03:14:53 +0300
Processing by RecipesController#index as HTML
  Rendering layout layouts/application.html.erb
  Rendering recipes/index.html.erb within layouts/application
  Rendered recipes/index.html.erb within layouts/application (Duration: 20.2ms | Allocations: 7592)
  Rendered layout layouts/application.html.erb (Duration: 21.1ms | Allocations: 7686)
Completed 500 Internal Server Error in 25ms (Allocations: 8522)


  
ActionView::Template::Error (undefined method `article_path' for #<ActionView::Base:0x00000000012b88>

'.freeze;@output_buffer.append=( link_to "Destroy", article_path(@article), data: {
                                                    ^^^^^^^^^^^^):
    10:   </head>
    11: 
    12:   <body>
    13: <%= link_to "Destroy", article_path(@article), data: {
    14:                     turbo_method: :delete,
    15:                     turbo_confirm: "Are you sure?"
    16:                   } %>  
  
app/views/recipes/index.html.erb:13
Started GET "/recipes" for ::1 at 2022-04-20 03:15:03 +0300
Processing by RecipesController#index as HTML
  Rendering layout layouts/application.html.erb
  Rendering recipes/index.html.erb within layouts/application
  Rendered recipes/index.html.erb within layouts/application (Duration: 19.9ms | Allocations: 6999)
  Rendered layout layouts/application.html.erb (Duration: 20.3ms | Allocations: 7087)
Completed 500 Internal Server Error in 22ms (Allocations: 7363)


  
ActionView::Template::Error (undefined method `article_path' for #<ActionView::Base:0x00000000012e80>

'.freeze;@output_buffer.append=( link_to "Destroy", article_path(@article), data: {
                                                    ^^^^^^^^^^^^):
    10:   </head>
    11: 
    12:   <body>
    13: <%= link_to "Destroy", article_path(@article), data: {
    14:                     turbo_method: :delete,
    15:                     turbo_confirm: "Are you sure?"
    16:                   } %>  
  
app/views/recipes/index.html.erb:13
Started GET "/recipes" for ::1 at 2022-04-20 03:16:04 +0300
Processing by RecipesController#index as HTML
  Rendering layout layouts/application.html.erb
  Rendering recipes/index.html.erb within layouts/application
  [1m[36mRecipe Load (160.6ms)[0m  [1m[34mSELECT "recipes".* FROM "recipes"[0m
  ↳ app/views/recipes/index.html.erb:14
  Rendered recipes/index.html.erb within layouts/application (Duration: 410.2ms | Allocations: 5903)
  Rendered layout layouts/application.html.erb (Duration: 414.9ms | Allocations: 7635)
Completed 200 OK in 419ms (Views: 417.4ms | ActiveRecord: 224.4ms | Allocations: 8486)


Started GET "/recipes" for ::1 at 2022-04-20 03:16:06 +0300
Processing by RecipesController#index as HTML
  Rendering layout layouts/application.html.erb
  Rendering recipes/index.html.erb within layouts/application
  [1m[36mRecipe Load (0.3ms)[0m  [1m[34mSELECT "recipes".* FROM "recipes"[0m
  ↳ app/views/recipes/index.html.erb:14
  Rendered recipes/index.html.erb within layouts/application (Duration: 9.2ms | Allocations: 2714)
  Rendered layout layouts/application.html.erb (Duration: 12.9ms | Allocations: 4126)
Completed 200 OK in 15ms (Views: 13.4ms | ActiveRecord: 0.3ms | Allocations: 4437)


Started GET "/recipes" for ::1 at 2022-04-20 03:16:07 +0300
Processing by RecipesController#index as HTML
  Rendering layout layouts/application.html.erb
  Rendering recipes/index.html.erb within layouts/application
  [1m[36mRecipe Load (0.6ms)[0m  [1m[34mSELECT "recipes".* FROM "recipes"[0m
  ↳ app/views/recipes/index.html.erb:14
  Rendered recipes/index.html.erb within layouts/application (Duration: 11.2ms | Allocations: 2709)
  Rendered layout layouts/application.html.erb (Duration: 24.3ms | Allocations: 4121)
Completed 200 OK in 28ms (Views: 26.9ms | ActiveRecord: 0.6ms | Allocations: 4406)


Started GET "/recipes" for ::1 at 2022-04-20 03:16:08 +0300
Processing by RecipesController#index as HTML
  Rendering layout layouts/application.html.erb
  Rendering recipes/index.html.erb within layouts/application
  [1m[36mRecipe Load (0.3ms)[0m  [1m[34mSELECT "recipes".* FROM "recipes"[0m
  ↳ app/views/recipes/index.html.erb:14
  Rendered recipes/index.html.erb within layouts/application (Duration: 7.4ms | Allocations: 2707)
  Rendered layout layouts/application.html.erb (Duration: 11.7ms | Allocations: 4119)
Completed 200 OK in 14ms (Views: 13.1ms | ActiveRecord: 0.3ms | Allocations: 4404)


Started GET "/recipes" for ::1 at 2022-04-20 03:16:09 +0300
Processing by RecipesController#index as HTML
  Rendering layout layouts/application.html.erb
  Rendering recipes/index.html.erb within layouts/application
  [1m[36mRecipe Load (0.4ms)[0m  [1m[34mSELECT "recipes".* FROM "recipes"[0m
  ↳ app/views/recipes/index.html.erb:14
  Rendered recipes/index.html.erb within layouts/application (Duration: 9.1ms | Allocations: 2713)
  Rendered layout layouts/application.html.erb (Duration: 24.4ms | Allocations: 4125)
Completed 200 OK in 26ms (Views: 24.8ms | ActiveRecord: 0.4ms | Allocations: 4410)


Started GET "/recipes" for ::1 at 2022-04-20 03:16:09 +0300
Processing by RecipesController#index as HTML
  Rendering layout layouts/application.html.erb
  Rendering recipes/index.html.erb within layouts/application
  [1m[36mRecipe Load (0.7ms)[0m  [1m[34mSELECT "recipes".* FROM "recipes"[0m
  ↳ app/views/recipes/index.html.erb:14
  Rendered recipes/index.html.erb within layouts/application (Duration: 11.0ms | Allocations: 2727)
  Rendered layout layouts/application.html.erb (Duration: 15.5ms | Allocations: 4139)
Completed 200 OK in 18ms (Views: 16.6ms | ActiveRecord: 0.7ms | Allocations: 4425)


Started GET "/recipes" for ::1 at 2022-04-20 03:16:09 +0300
Processing by RecipesController#index as HTML
  Rendering layout layouts/application.html.erb
  Rendering recipes/index.html.erb within layouts/application
  [1m[36mRecipe Load (0.6ms)[0m  [1m[34mSELECT "recipes".* FROM "recipes"[0m
  ↳ app/views/recipes/index.html.erb:14
  Rendered recipes/index.html.erb within layouts/application (Duration: 16.9ms | Allocations: 2697)
  Rendered layout layouts/application.html.erb (Duration: 23.0ms | Allocations: 4109)
Completed 200 OK in 26ms (Views: 24.0ms | ActiveRecord: 0.6ms | Allocations: 4394)


Started GET "/recipes" for ::1 at 2022-04-20 03:16:11 +0300
Processing by RecipesController#index as HTML
  Rendering layout layouts/application.html.erb
  Rendering recipes/index.html.erb within layouts/application
  [1m[36mRecipe Load (0.6ms)[0m  [1m[34mSELECT "recipes".* FROM "recipes"[0m
  ↳ app/views/recipes/index.html.erb:14
  Rendered recipes/index.html.erb within layouts/application (Duration: 14.4ms | Allocations: 2703)
  Rendered layout layouts/application.html.erb (Duration: 24.1ms | Allocations: 4115)
Completed 200 OK in 36ms (Views: 28.8ms | ActiveRecord: 0.6ms | Allocations: 4400)


Started GET "/recipes" for ::1 at 2022-04-20 03:16:12 +0300
Processing by RecipesController#index as HTML
  Rendering layout layouts/application.html.erb
  Rendering recipes/index.html.erb within layouts/application
  [1m[36mRecipe Load (0.5ms)[0m  [1m[34mSELECT "recipes".* FROM "recipes"[0m
  ↳ app/views/recipes/index.html.erb:14
  Rendered recipes/index.html.erb within layouts/application (Duration: 9.9ms | Allocations: 2703)
  Rendered layout layouts/application.html.erb (Duration: 14.5ms | Allocations: 4115)
Completed 200 OK in 17ms (Views: 14.7ms | ActiveRecord: 0.5ms | Allocations: 4400)


Started GET "/recipes" for ::1 at 2022-04-20 03:16:12 +0300
Processing by RecipesController#index as HTML
  Rendering layout layouts/application.html.erb
  Rendering recipes/index.html.erb within layouts/application
  [1m[36mRecipe Load (0.9ms)[0m  [1m[34mSELECT "recipes".* FROM "recipes"[0m
  ↳ app/views/recipes/index.html.erb:14
  Rendered recipes/index.html.erb within layouts/application (Duration: 8.4ms | Allocations: 2706)
  Rendered layout layouts/application.html.erb (Duration: 11.6ms | Allocations: 4118)
Completed 200 OK in 15ms (Views: 12.9ms | ActiveRecord: 0.9ms | Allocations: 4403)


Started GET "/recipes" for ::1 at 2022-04-20 03:16:27 +0300
Processing by RecipesController#index as HTML
  Rendering layout layouts/application.html.erb
  Rendering recipes/index.html.erb within layouts/application
  [1m[36mRecipe Load (0.4ms)[0m  [1m[34mSELECT "recipes".* FROM "recipes"[0m
  ↳ app/views/recipes/index.html.erb:14
  Rendered recipes/index.html.erb within layouts/application (Duration: 13.3ms | Allocations: 3455)
  Rendered layout layouts/application.html.erb (Duration: 17.8ms | Allocations: 5146)
Completed 200 OK in 22ms (Views: 20.0ms | ActiveRecord: 0.4ms | Allocations: 5995)


Started DELETE "/recipes/%23%3CRecipe::ActiveRecord_Relation:0x00007fd8900aaf80%3E" for ::1 at 2022-04-20 03:16:30 +0300
Processing by RecipesController#destroy as TURBO_STREAM
  Parameters: {"id"=>"#<Recipe::ActiveRecord_Relation:0x00007fd8900aaf80>"}
  [1m[36mRecipe Load (13.2ms)[0m  [1m[34mSELECT "recipes".* FROM "recipes" WHERE "recipes"."id" = $1 LIMIT $2[0m  [["id", nil], ["LIMIT", 1]]
  ↳ app/controllers/recipes_controller.rb:8:in `destroy'
Completed 404 Not Found in 149ms (ActiveRecord: 99.3ms | Allocations: 4198)


  
ActiveRecord::RecordNotFound (Couldn't find Recipe with 'id'=#<Recipe::ActiveRecord_Relation:0x00007fd8900aaf80>):
  
app/controllers/recipes_controller.rb:8:in `destroy'
Started GET "/recipes" for ::1 at 2022-04-20 03:16:31 +0300
Processing by RecipesController#index as HTML
  Rendering layout layouts/application.html.erb
  Rendering recipes/index.html.erb within layouts/application
  [1m[36mRecipe Load (0.4ms)[0m  [1m[34mSELECT "recipes".* FROM "recipes"[0m
  ↳ app/views/recipes/index.html.erb:14
  Rendered recipes/index.html.erb within layouts/application (Duration: 6.3ms | Allocations: 2955)
  Rendered layout layouts/application.html.erb (Duration: 8.9ms | Allocations: 4364)
Completed 200 OK in 11ms (Views: 9.5ms | ActiveRecord: 0.4ms | Allocations: 4681)


  [1m[36mUser Load (1.6ms)[0m  [1m[34mSELECT "users".* FROM "users"[0m
  [1m[36mRecipe Load (0.6ms)[0m  [1m[34mSELECT "recipes".* FROM "recipes"[0m
  [1m[36mTRANSACTION (0.3ms)[0m  [1m[35mBEGIN[0m
  [1m[36mUser Load (0.4ms)[0m  [1m[34mSELECT "users".* FROM "users" WHERE "users"."id" = $1 LIMIT $2[0m  [["id", 1], ["LIMIT", 1]]
  [1m[36mRecipe Create (89.5ms)[0m  [1m[32mINSERT INTO "recipes" ("name", "preparation_time", "cooking_time", "description", "public", "user_id", "created_at", "updated_at") VALUES ($1, $2, $3, $4, $5, $6, $7, $8) RETURNING "id"[0m  [["name", "Isaka"], ["preparation_time", "forever"], ["cooking_time", "sooner than never"], ["description", "lorem ipsum"], ["public", true], ["user_id", 1], ["created_at", "2022-04-20 00:23:11.888345"], ["updated_at", "2022-04-20 00:23:11.888345"]]
  [1m[36mTRANSACTION (72.7ms)[0m  [1m[35mCOMMIT[0m
  [1m[36mRecipe Load (1.0ms)[0m  [1m[34mSELECT "recipes".* FROM "recipes"[0m
  [1m[36mTRANSACTION (0.6ms)[0m  [1m[35mBEGIN[0m
  [1m[36mUser Load (0.7ms)[0m  [1m[34mSELECT "users".* FROM "users" WHERE "users"."id" = $1 LIMIT $2[0m  [["id", 2], ["LIMIT", 1]]
  [1m[36mTRANSACTION (0.7ms)[0m  [1m[31mROLLBACK[0m
  [1m[36mRecipe Load (1.0ms)[0m  [1m[34mSELECT "recipes".* FROM "recipes"[0m
  [1m[36mTRANSACTION (0.3ms)[0m  [1m[35mBEGIN[0m
  [1m[36mUser Load (0.3ms)[0m  [1m[34mSELECT "users".* FROM "users" WHERE "users"."id" = $1 LIMIT $2[0m  [["id", 2], ["LIMIT", 1]]
  [1m[36mTRANSACTION (0.2ms)[0m  [1m[31mROLLBACK[0m
Started GET "/recipes" for ::1 at 2022-04-20 03:24:51 +0300
Processing by RecipesController#index as HTML
  Rendering layout layouts/application.html.erb
  Rendering recipes/index.html.erb within layouts/application
  [1m[36mRecipe Load (1.8ms)[0m  [1m[34mSELECT "recipes".* FROM "recipes"[0m
  ↳ app/views/recipes/index.html.erb:14
  Rendered recipes/index.html.erb within layouts/application (Duration: 66.6ms | Allocations: 22541)
  Rendered layout layouts/application.html.erb (Duration: 70.7ms | Allocations: 24333)
Completed 200 OK in 74ms (Views: 72.4ms | ActiveRecord: 11.7ms | Allocations: 25182)


Started DELETE "/recipes/%23%3CRecipe::ActiveRecord_Relation:0x00007fd8917e05d8%3E" for ::1 at 2022-04-20 03:25:11 +0300
Processing by RecipesController#destroy as TURBO_STREAM
  Parameters: {"id"=>"#<Recipe::ActiveRecord_Relation:0x00007fd8917e05d8>"}
  [1m[36mRecipe Load (0.2ms)[0m  [1m[34mSELECT "recipes".* FROM "recipes" WHERE "recipes"."id" = $1 LIMIT $2[0m  [["id", nil], ["LIMIT", 1]]
  ↳ app/controllers/recipes_controller.rb:8:in `destroy'
Completed 404 Not Found in 5ms (ActiveRecord: 0.4ms | Allocations: 1328)


  
ActiveRecord::RecordNotFound (Couldn't find Recipe with 'id'=#<Recipe::ActiveRecord_Relation:0x00007fd8917e05d8>):
  
app/controllers/recipes_controller.rb:8:in `destroy'
Started GET "/recipes" for ::1 at 2022-04-20 03:25:11 +0300
Processing by RecipesController#index as HTML
  Rendering layout layouts/application.html.erb
  Rendering recipes/index.html.erb within layouts/application
  [1m[36mRecipe Load (0.3ms)[0m  [1m[34mSELECT "recipes".* FROM "recipes"[0m
  ↳ app/views/recipes/index.html.erb:14
  Rendered recipes/index.html.erb within layouts/application (Duration: 7.1ms | Allocations: 2891)
  Rendered layout layouts/application.html.erb (Duration: 10.1ms | Allocations: 4294)
Completed 200 OK in 11ms (Views: 10.6ms | ActiveRecord: 0.3ms | Allocations: 4597)


Started GET "/recipes" for ::1 at 2022-04-20 03:25:32 +0300
Processing by RecipesController#index as HTML
  Rendering layout layouts/application.html.erb
  Rendering recipes/index.html.erb within layouts/application
  [1m[36mRecipe Load (0.3ms)[0m  [1m[34mSELECT "recipes".* FROM "recipes"[0m
  ↳ app/views/recipes/index.html.erb:14
  Rendered recipes/index.html.erb within layouts/application (Duration: 38.4ms | Allocations: 16792)
  Rendered layout layouts/application.html.erb (Duration: 40.7ms | Allocations: 18219)
Completed 200 OK in 48ms (Views: 34.3ms | ActiveRecord: 8.4ms | Allocations: 19978)


Started DELETE "/recipes/%23%3CRecipe::ActiveRecord_Relation:0x00007fd863389e68%3E" for ::1 at 2022-04-20 03:25:34 +0300
Processing by RecipesController#destroy as TURBO_STREAM
  Parameters: {"id"=>"#<Recipe::ActiveRecord_Relation:0x00007fd863389e68>"}
  [1m[36mRecipe Load (1.0ms)[0m  [1m[34mSELECT "recipes".* FROM "recipes" WHERE "recipes"."id" = $1 LIMIT $2[0m  [["id", nil], ["LIMIT", 1]]
  ↳ app/controllers/recipes_controller.rb:8:in `destroy'
Completed 404 Not Found in 7ms (ActiveRecord: 1.0ms | Allocations: 1748)


  
ActiveRecord::RecordNotFound (Couldn't find Recipe with 'id'=#<Recipe::ActiveRecord_Relation:0x00007fd863389e68>):
  
app/controllers/recipes_controller.rb:8:in `destroy'
Started GET "/recipes" for ::1 at 2022-04-20 03:25:35 +0300
Processing by RecipesController#index as HTML
  Rendering layout layouts/application.html.erb
  Rendering recipes/index.html.erb within layouts/application
  [1m[36mRecipe Load (0.4ms)[0m  [1m[34mSELECT "recipes".* FROM "recipes"[0m
  ↳ app/views/recipes/index.html.erb:14
  Rendered recipes/index.html.erb within layouts/application (Duration: 6.8ms | Allocations: 2805)
  Rendered layout layouts/application.html.erb (Duration: 9.2ms | Allocations: 4208)
Completed 200 OK in 10ms (Views: 9.4ms | ActiveRecord: 0.4ms | Allocations: 4505)


Started GET "/recipes" for ::1 at 2022-04-20 03:26:25 +0300
Processing by RecipesController#index as HTML
  Rendering layout layouts/application.html.erb
  Rendering recipes/index.html.erb within layouts/application
  Rendered recipes/index.html.erb within layouts/application (Duration: 1.6ms | Allocations: 1284)
  Rendered layout layouts/application.html.erb (Duration: 2.1ms | Allocations: 1379)
Completed 500 Internal Server Error in 9ms (ActiveRecord: 0.0ms | Allocations: 3457)


  
ActionView::SyntaxErrorInTemplate (Encountered a syntax error while rendering template: check <!DOCTYPE html>
<html>
  <head>
    <title>RecipeApp</title>
    <meta name="viewport" content="width=device-width,initial-scale=1">
    <%= csrf_meta_tags %>
    <%= csp_meta_tag %>
    <%= stylesheet_link_tag "application", "data-turbo-track": "reload" %>
    <%= javascript_importmap_tags %>
  </head>

  <body>

      <% @recipe.each do |recipe| %>
         <%=<p> recipe.name </p>%>
         <p> recipe.name </p>
     <%= link_to "Destroy", recipe_path(@recipe), data: {
                    turbo_method: :delete,
                    turbo_confirm: "Are you sure?"
                  } %>  
        <% end %>
</body>

</html>

):
1:    <!DOCTYPE html>
2:    <html>
3:      <head>
4:        <title>RecipeApp</title>
5:        <meta name="viewport" content="width=device-width,initial-scale=1">
6:        <%= csrf_meta_tags %>
7:        <%= csp_meta_tag %>
8:        <%= stylesheet_link_tag "application", "data-turbo-track": "reload" %>
9:        <%= javascript_importmap_tags %>
10:      </head>
11:    
12:      <body>
13:    
14:          <% @recipe.each do |recipe| %>
15:             <%=<p> recipe.name </p>%>
16:             <p> recipe.name </p>
17:         <%= link_to "Destroy", recipe_path(@recipe), data: {
18:                        turbo_method: :delete,
19:                        turbo_confirm: "Are you sure?"
20:                      } %>  
21:            <% end %>
22:    </body>
23:    
24:    </html>
  
app/views/recipes/index.html.erb:15: syntax error, unexpected '<'
app/views/recipes/index.html.erb:16: unknown regexp option - p
app/views/recipes/index.html.erb:16: unmatched close parenthesis: /p>);@output_buffer.safe_append='
app/views/recipes/index.html.erb:24: unknown regexp options - htl
app/views/recipes/index.html.erb:27: unterminated string meets end of file
app/views/recipes/index.html.erb:27: syntax error, unexpected end-of-input, expecting ')'
app/views/recipes/index.html.erb:15: syntax error, unexpected '<'
app/views/recipes/index.html.erb:16: unknown regexp option - p
app/views/recipes/index.html.erb:16: unmatched close parenthesis: /p>);@output_buffer.safe_append='
app/views/recipes/index.html.erb:24: unknown regexp options - htl
app/views/recipes/index.html.erb:27: unterminated string meets end of file
app/views/recipes/index.html.erb:27: syntax error, unexpected end-of-input, expecting ')'
app/views/recipes/index.html.erb:15: syntax error, unexpected '<'
app/views/recipes/index.html.erb:16: unknown regexp option - p
app/views/recipes/index.html.erb:16: unmatched close parenthesis: /p>);@output_buffer.safe_append='
app/views/recipes/index.html.erb:24: unknown regexp options - htl
app/views/recipes/index.html.erb:27: unterminated string meets end of file
app/views/recipes/index.html.erb:27: syntax error, unexpected end-of-input, expecting ')'
app/views/recipes/index.html.erb:15: syntax error, unexpected '<'
app/views/recipes/index.html.erb:16: unknown regexp option - p
app/views/recipes/index.html.erb:16: unmatched close parenthesis: /p>);@output_buffer.safe_append='
app/views/recipes/index.html.erb:24: unknown regexp options - htl
app/views/recipes/index.html.erb:27: unterminated string meets end of file
app/views/recipes/index.html.erb:27: syntax error, unexpected end-of-input, expecting ')'
app/views/recipes/index.html.erb:15: syntax error, unexpected '<'
app/views/recipes/index.html.erb:16: unknown regexp option - p
app/views/recipes/index.html.erb:16: unmatched close parenthesis: /p>);@output_buffer.safe_append='
app/views/recipes/index.html.erb:24: unknown regexp options - htl
app/views/recipes/index.html.erb:27: unterminated string meets end of file
app/views/recipes/index.html.erb:27: syntax error, unexpected end-of-input, expecting ')'
app/views/recipes/index.html.erb:15: syntax error, unexpected '<'
app/views/recipes/index.html.erb:16: unknown regexp option - p
app/views/recipes/index.html.erb:16: unmatched close parenthesis: /p>);@output_buffer.safe_append='
app/views/recipes/index.html.erb:24: unknown regexp options - htl
app/views/recipes/index.html.erb:27: unterminated string meets end of file
app/views/recipes/index.html.erb:27: syntax error, unexpected end-of-input, expecting ')'
Started GET "/recipes" for ::1 at 2022-04-20 03:27:07 +0300
Processing by RecipesController#index as HTML
  Rendering layout layouts/application.html.erb
  Rendering recipes/index.html.erb within layouts/application
  Rendered recipes/index.html.erb within layouts/application (Duration: 2.4ms | Allocations: 1330)
  Rendered layout layouts/application.html.erb (Duration: 3.0ms | Allocations: 1425)
Completed 500 Internal Server Error in 7ms (ActiveRecord: 0.0ms | Allocations: 2269)


  
ActionView::SyntaxErrorInTemplate (Encountered a syntax error while rendering template: check <!DOCTYPE html>
<html>
  <head>
    <title>RecipeApp</title>
    <meta name="viewport" content="width=device-width,initial-scale=1">
    <%= csrf_meta_tags %>
    <%= csp_meta_tag %>
    <%= stylesheet_link_tag "application", "data-turbo-track": "reload" %>
    <%= javascript_importmap_tags %>
  </head>

  <body>

      <% @recipe.each do |recipe| %>
         <%=<p> recipe.name </p>%>
         <%=<p> recipe.description </p>%>
     <%= link_to "Destroy", recipe_path(@recipe), data: {
                    turbo_method: :delete,
                    turbo_confirm: "Are you sure?"
                  } %>  
        <% end %>
</body>

</html>

):
1:    <!DOCTYPE html>
2:    <html>
3:      <head>
4:        <title>RecipeApp</title>
5:        <meta name="viewport" content="width=device-width,initial-scale=1">
6:        <%= csrf_meta_tags %>
7:        <%= csp_meta_tag %>
8:        <%= stylesheet_link_tag "application", "data-turbo-track": "reload" %>
9:        <%= javascript_importmap_tags %>
10:      </head>
11:    
12:      <body>
13:    
14:          <% @recipe.each do |recipe| %>
15:             <%=<p> recipe.name </p>%>
16:             <%=<p> recipe.description </p>%>
17:         <%= link_to "Destroy", recipe_path(@recipe), data: {
18:                        turbo_method: :delete,
19:                        turbo_confirm: "Are you sure?"
20:                      } %>  
21:            <% end %>
22:    </body>
23:    
24:    </html>
  
app/views/recipes/index.html.erb:15: syntax error, unexpected '<'
app/views/recipes/index.html.erb:16: unknown regexp option - p
app/views/recipes/index.html.erb:16: unmatched close parenthesis: /p>);@output_buffer.safe_append='
app/views/recipes/index.html.erb:16: syntax error, unexpected ')'
app/views/recipes/index.html.erb:21: syntax error, unexpected `end', expecting ')'
app/views/recipes/index.html.erb:27: syntax error, unexpected `end', expecting ')'
app/views/recipes/index.html.erb:15: syntax error, unexpected '<'
app/views/recipes/index.html.erb:16: unknown regexp option - p
app/views/recipes/index.html.erb:16: unmatched close parenthesis: /p>);@output_buffer.safe_append='
app/views/recipes/index.html.erb:16: syntax error, unexpected ')'
app/views/recipes/index.html.erb:21: syntax error, unexpected `end', expecting ')'
app/views/recipes/index.html.erb:27: syntax error, unexpected `end', expecting ')'
app/views/recipes/index.html.erb:15: syntax error, unexpected '<'
app/views/recipes/index.html.erb:16: unknown regexp option - p
app/views/recipes/index.html.erb:16: unmatched close parenthesis: /p>);@output_buffer.safe_append='
app/views/recipes/index.html.erb:16: syntax error, unexpected ')'
app/views/recipes/index.html.erb:21: syntax error, unexpected `end', expecting ')'
app/views/recipes/index.html.erb:27: syntax error, unexpected `end', expecting ')'
app/views/recipes/index.html.erb:15: syntax error, unexpected '<'
app/views/recipes/index.html.erb:16: unknown regexp option - p
app/views/recipes/index.html.erb:16: unmatched close parenthesis: /p>);@output_buffer.safe_append='
app/views/recipes/index.html.erb:16: syntax error, unexpected ')'
app/views/recipes/index.html.erb:21: syntax error, unexpected `end', expecting ')'
app/views/recipes/index.html.erb:27: syntax error, unexpected `end', expecting ')'
app/views/recipes/index.html.erb:15: syntax error, unexpected '<'
app/views/recipes/index.html.erb:16: unknown regexp option - p
app/views/recipes/index.html.erb:16: unmatched close parenthesis: /p>);@output_buffer.safe_append='
app/views/recipes/index.html.erb:16: syntax error, unexpected ')'
app/views/recipes/index.html.erb:21: syntax error, unexpected `end', expecting ')'
app/views/recipes/index.html.erb:27: syntax error, unexpected `end', expecting ')'
app/views/recipes/index.html.erb:15: syntax error, unexpected '<'
app/views/recipes/index.html.erb:16: unknown regexp option - p
app/views/recipes/index.html.erb:16: unmatched close parenthesis: /p>);@output_buffer.safe_append='
app/views/recipes/index.html.erb:16: syntax error, unexpected ')'
app/views/recipes/index.html.erb:21: syntax error, unexpected `end', expecting ')'
app/views/recipes/index.html.erb:27: syntax error, unexpected `end', expecting ')'
Started GET "/recipes" for ::1 at 2022-04-20 03:27:56 +0300
Processing by RecipesController#index as HTML
  Rendering layout layouts/application.html.erb
  Rendering recipes/index.html.erb within layouts/application
  [1m[36mRecipe Load (0.3ms)[0m  [1m[34mSELECT "recipes".* FROM "recipes"[0m
  ↳ app/views/recipes/index.html.erb:14
  Rendered recipes/index.html.erb within layouts/application (Duration: 51.5ms | Allocations: 16943)
  Rendered layout layouts/application.html.erb (Duration: 62.2ms | Allocations: 18634)
Completed 200 OK in 75ms (Views: 68.6ms | ActiveRecord: 4.7ms | Allocations: 19511)


Started DELETE "/recipes/%23%3CRecipe::ActiveRecord_Relation:0x00007fd86331cef8%3E" for ::1 at 2022-04-20 03:28:03 +0300
Processing by RecipesController#destroy as TURBO_STREAM
  Parameters: {"id"=>"#<Recipe::ActiveRecord_Relation:0x00007fd86331cef8>"}
  [1m[36mRecipe Load (0.8ms)[0m  [1m[34mSELECT "recipes".* FROM "recipes" WHERE "recipes"."id" = $1 LIMIT $2[0m  [["id", nil], ["LIMIT", 1]]
  ↳ app/controllers/recipes_controller.rb:8:in `destroy'
Completed 404 Not Found in 7ms (ActiveRecord: 0.8ms | Allocations: 1745)


  
ActiveRecord::RecordNotFound (Couldn't find Recipe with 'id'=#<Recipe::ActiveRecord_Relation:0x00007fd86331cef8>):
  
app/controllers/recipes_controller.rb:8:in `destroy'
Started GET "/recipes" for ::1 at 2022-04-20 03:28:03 +0300
Processing by RecipesController#index as HTML
  Rendering layout layouts/application.html.erb
  Rendering recipes/index.html.erb within layouts/application
  [1m[36mRecipe Load (0.6ms)[0m  [1m[34mSELECT "recipes".* FROM "recipes"[0m
  ↳ app/views/recipes/index.html.erb:14
  Rendered recipes/index.html.erb within layouts/application (Duration: 16.0ms | Allocations: 2815)
  Rendered layout layouts/application.html.erb (Duration: 19.5ms | Allocations: 4218)
Completed 200 OK in 21ms (Views: 19.5ms | ActiveRecord: 0.6ms | Allocations: 4516)


Started DELETE "/recipes/%23%3CRecipe::ActiveRecord_Relation:0x00007fd8900680e0%3E" for ::1 at 2022-04-20 03:28:07 +0300
Processing by RecipesController#destroy as TURBO_STREAM
  Parameters: {"id"=>"#<Recipe::ActiveRecord_Relation:0x00007fd8900680e0>"}
  [1m[36mRecipe Load (0.9ms)[0m  [1m[34mSELECT "recipes".* FROM "recipes" WHERE "recipes"."id" = $1 LIMIT $2[0m  [["id", nil], ["LIMIT", 1]]
  ↳ app/controllers/recipes_controller.rb:8:in `destroy'
Completed 404 Not Found in 6ms (ActiveRecord: 0.9ms | Allocations: 1160)


  
ActiveRecord::RecordNotFound (Couldn't find Recipe with 'id'=#<Recipe::ActiveRecord_Relation:0x00007fd8900680e0>):
  
app/controllers/recipes_controller.rb:8:in `destroy'
Started GET "/recipes" for ::1 at 2022-04-20 03:28:07 +0300
Processing by RecipesController#index as HTML
  Rendering layout layouts/application.html.erb
  Rendering recipes/index.html.erb within layouts/application
  [1m[36mRecipe Load (0.4ms)[0m  [1m[34mSELECT "recipes".* FROM "recipes"[0m
  ↳ app/views/recipes/index.html.erb:14
  Rendered recipes/index.html.erb within layouts/application (Duration: 6.8ms | Allocations: 2821)
  Rendered layout layouts/application.html.erb (Duration: 9.2ms | Allocations: 4224)
Completed 200 OK in 11ms (Views: 9.7ms | ActiveRecord: 0.4ms | Allocations: 4506)


Started DELETE "/recipes/%23%3CRecipe::ActiveRecord_Relation:0x00007fd86313dd08%3E" for ::1 at 2022-04-20 03:28:38 +0300
Processing by RecipesController#destroy as TURBO_STREAM
  Parameters: {"id"=>"#<Recipe::ActiveRecord_Relation:0x00007fd86313dd08>"}
  [1m[36mRecipe Load (0.5ms)[0m  [1m[34mSELECT "recipes".* FROM "recipes" WHERE "recipes"."id" = $1 LIMIT $2[0m  [["id", nil], ["LIMIT", 1]]
  ↳ app/controllers/recipes_controller.rb:8:in `destroy'
Completed 404 Not Found in 15ms (ActiveRecord: 4.6ms | Allocations: 3681)


  
ActiveRecord::RecordNotFound (Couldn't find Recipe with 'id'=#<Recipe::ActiveRecord_Relation:0x00007fd86313dd08>):
  
app/controllers/recipes_controller.rb:8:in `destroy'
Started GET "/recipes" for ::1 at 2022-04-20 03:28:38 +0300
Processing by RecipesController#index as HTML
  Rendering layout layouts/application.html.erb
  Rendering recipes/index.html.erb within layouts/application
  [1m[36mRecipe Load (0.4ms)[0m  [1m[34mSELECT "recipes".* FROM "recipes"[0m
  ↳ app/views/recipes/index.html.erb:14
  Rendered recipes/index.html.erb within layouts/application (Duration: 23.6ms | Allocations: 15981)
  Rendered layout layouts/application.html.erb (Duration: 26.1ms | Allocations: 17410)
Completed 200 OK in 28ms (Views: 27.2ms | ActiveRecord: 0.4ms | Allocations: 18019)


Started DELETE "/recipes/%23%3CRecipe::ActiveRecord_Relation:0x00007fd8631ace60%3E" for ::1 at 2022-04-20 03:28:40 +0300
Processing by RecipesController#destroy as TURBO_STREAM
  Parameters: {"id"=>"#<Recipe::ActiveRecord_Relation:0x00007fd8631ace60>"}
  [1m[36mRecipe Load (0.4ms)[0m  [1m[34mSELECT "recipes".* FROM "recipes" WHERE "recipes"."id" = $1 LIMIT $2[0m  [["id", nil], ["LIMIT", 1]]
  ↳ app/controllers/recipes_controller.rb:8:in `destroy'
Completed 404 Not Found in 5ms (ActiveRecord: 0.4ms | Allocations: 1189)


  
ActiveRecord::RecordNotFound (Couldn't find Recipe with 'id'=#<Recipe::ActiveRecord_Relation:0x00007fd8631ace60>):
  
app/controllers/recipes_controller.rb:8:in `destroy'
Started GET "/recipes" for ::1 at 2022-04-20 03:28:40 +0300
Processing by RecipesController#index as HTML
  Rendering layout layouts/application.html.erb
  Rendering recipes/index.html.erb within layouts/application
  [1m[36mRecipe Load (0.3ms)[0m  [1m[34mSELECT "recipes".* FROM "recipes"[0m
  ↳ app/views/recipes/index.html.erb:14
  Rendered recipes/index.html.erb within layouts/application (Duration: 7.8ms | Allocations: 2803)
  Rendered layout layouts/application.html.erb (Duration: 9.9ms | Allocations: 4206)
Completed 200 OK in 11ms (Views: 10.2ms | ActiveRecord: 0.3ms | Allocations: 4504)


Started GET "/recipes" for ::1 at 2022-04-20 03:30:13 +0300
Processing by RecipesController#index as HTML
  Rendering layout layouts/application.html.erb
  Rendering recipes/index.html.erb within layouts/application
  [1m[36mRecipe Load (0.3ms)[0m  [1m[34mSELECT "recipes".* FROM "recipes"[0m
  ↳ app/views/recipes/index.html.erb:14
  Rendered recipes/index.html.erb within layouts/application (Duration: 35.6ms | Allocations: 16629)
  Rendered layout layouts/application.html.erb (Duration: 45.8ms | Allocations: 18056)
Completed 200 OK in 52ms (Views: 44.0ms | ActiveRecord: 3.9ms | Allocations: 19815)


Started GET "/" for ::1 at 2022-04-20 03:30:17 +0300
Processing by FoodsController#index as HTML
  Rendering layout layouts/application.html.erb
  Rendering foods/index.html.erb within layouts/application
  Rendered foods/index.html.erb within layouts/application (Duration: 5.0ms | Allocations: 2661)
  Rendered layout layouts/application.html.erb (Duration: 7.5ms | Allocations: 4126)
Completed 200 OK in 12ms (Views: 10.4ms | ActiveRecord: 0.0ms | Allocations: 4915)


Started GET "/recipes" for ::1 at 2022-04-20 03:30:19 +0300
Processing by RecipesController#index as HTML
  Rendering layout layouts/application.html.erb
  Rendering recipes/index.html.erb within layouts/application
  [1m[36mRecipe Load (0.4ms)[0m  [1m[34mSELECT "recipes".* FROM "recipes"[0m
  ↳ app/views/recipes/index.html.erb:14
  Rendered recipes/index.html.erb within layouts/application (Duration: 10.6ms | Allocations: 2886)
  Rendered layout layouts/application.html.erb (Duration: 17.7ms | Allocations: 4289)
Completed 200 OK in 23ms (Views: 21.8ms | ActiveRecord: 0.4ms | Allocations: 4597)


Started DELETE "/recipes/%23%3CRecipe::ActiveRecord_Relation:0x00007fd8900f0d28%3E" for ::1 at 2022-04-20 03:30:23 +0300
Processing by RecipesController#destroy as TURBO_STREAM
  Parameters: {"id"=>"#<Recipe::ActiveRecord_Relation:0x00007fd8900f0d28>"}
  [1m[36mRecipe Load (0.3ms)[0m  [1m[34mSELECT "recipes".* FROM "recipes" WHERE "recipes"."id" = $1 LIMIT $2[0m  [["id", nil], ["LIMIT", 1]]
  ↳ app/controllers/recipes_controller.rb:8:in `destroy'
Completed 404 Not Found in 4ms (ActiveRecord: 0.3ms | Allocations: 1729)


  
ActiveRecord::RecordNotFound (Couldn't find Recipe with 'id'=#<Recipe::ActiveRecord_Relation:0x00007fd8900f0d28>):
  
app/controllers/recipes_controller.rb:8:in `destroy'
Started GET "/recipes" for ::1 at 2022-04-20 03:30:23 +0300
Processing by RecipesController#index as HTML
  Rendering layout layouts/application.html.erb
  Rendering recipes/index.html.erb within layouts/application
  [1m[36mRecipe Load (0.4ms)[0m  [1m[34mSELECT "recipes".* FROM "recipes"[0m
  ↳ app/views/recipes/index.html.erb:14
  Rendered recipes/index.html.erb within layouts/application (Duration: 8.5ms | Allocations: 2797)
  Rendered layout layouts/application.html.erb (Duration: 12.4ms | Allocations: 4200)
Completed 200 OK in 15ms (Views: 13.8ms | ActiveRecord: 0.4ms | Allocations: 4482)


Started DELETE "/recipes/%23%3CRecipe::ActiveRecord_Relation:0x00007fd8630e4c80%3E" for ::1 at 2022-04-20 03:30:25 +0300
Processing by RecipesController#destroy as TURBO_STREAM
  Parameters: {"id"=>"#<Recipe::ActiveRecord_Relation:0x00007fd8630e4c80>"}
  [1m[36mRecipe Load (0.4ms)[0m  [1m[34mSELECT "recipes".* FROM "recipes" WHERE "recipes"."id" = $1 LIMIT $2[0m  [["id", nil], ["LIMIT", 1]]
  ↳ app/controllers/recipes_controller.rb:8:in `destroy'
Completed 404 Not Found in 6ms (ActiveRecord: 0.4ms | Allocations: 1160)


  
ActiveRecord::RecordNotFound (Couldn't find Recipe with 'id'=#<Recipe::ActiveRecord_Relation:0x00007fd8630e4c80>):
  
app/controllers/recipes_controller.rb:8:in `destroy'
Started GET "/recipes" for ::1 at 2022-04-20 03:30:26 +0300
Processing by RecipesController#index as HTML
  Rendering layout layouts/application.html.erb
  Rendering recipes/index.html.erb within layouts/application
  [1m[36mRecipe Load (0.3ms)[0m  [1m[34mSELECT "recipes".* FROM "recipes"[0m
  ↳ app/views/recipes/index.html.erb:14
  Rendered recipes/index.html.erb within layouts/application (Duration: 6.1ms | Allocations: 2821)
  Rendered layout layouts/application.html.erb (Duration: 8.1ms | Allocations: 4224)
Completed 200 OK in 9ms (Views: 8.5ms | ActiveRecord: 0.3ms | Allocations: 4506)


Started DELETE "/recipes/%23%3CRecipe::ActiveRecord_Relation:0x00007fd8632438d8%3E" for ::1 at 2022-04-20 03:34:38 +0300
Processing by RecipesController#destroy as TURBO_STREAM
  Parameters: {"id"=>"#<Recipe::ActiveRecord_Relation:0x00007fd8632438d8>"}
  [1m[36mRecipe Load (0.5ms)[0m  [1m[34mSELECT "recipes".* FROM "recipes" WHERE "recipes"."id" = $1 LIMIT $2[0m  [["id", nil], ["LIMIT", 1]]
  ↳ app/controllers/recipes_controller.rb:8:in `destroy'
Completed 404 Not Found in 5ms (ActiveRecord: 0.5ms | Allocations: 1163)


  
ActiveRecord::RecordNotFound (Couldn't find Recipe with 'id'=#<Recipe::ActiveRecord_Relation:0x00007fd8632438d8>):
  
app/controllers/recipes_controller.rb:8:in `destroy'
Started GET "/recipes" for ::1 at 2022-04-20 03:34:39 +0300
Processing by RecipesController#index as HTML
  Rendering layout layouts/application.html.erb
  Rendering recipes/index.html.erb within layouts/application
  [1m[36mRecipe Load (0.3ms)[0m  [1m[34mSELECT "recipes".* FROM "recipes"[0m
  ↳ app/views/recipes/index.html.erb:14
  Rendered recipes/index.html.erb within layouts/application (Duration: 6.8ms | Allocations: 2824)
  Rendered layout layouts/application.html.erb (Duration: 10.1ms | Allocations: 4227)
Completed 200 OK in 13ms (Views: 11.4ms | ActiveRecord: 0.3ms | Allocations: 4509)


Started DELETE "/recipes/%23%3CRecipe::ActiveRecord_Relation:0x00007fd891bbff50%3E" for ::1 at 2022-04-20 03:34:41 +0300
Processing by RecipesController#destroy as TURBO_STREAM
  Parameters: {"id"=>"#<Recipe::ActiveRecord_Relation:0x00007fd891bbff50>"}
  [1m[36mRecipe Load (0.3ms)[0m  [1m[34mSELECT "recipes".* FROM "recipes" WHERE "recipes"."id" = $1 LIMIT $2[0m  [["id", nil], ["LIMIT", 1]]
  ↳ app/controllers/recipes_controller.rb:8:in `destroy'
Completed 404 Not Found in 5ms (ActiveRecord: 0.3ms | Allocations: 1151)


  
ActiveRecord::RecordNotFound (Couldn't find Recipe with 'id'=#<Recipe::ActiveRecord_Relation:0x00007fd891bbff50>):
  
app/controllers/recipes_controller.rb:8:in `destroy'
Started GET "/recipes" for ::1 at 2022-04-20 03:34:42 +0300
Processing by RecipesController#index as HTML
  Rendering layout layouts/application.html.erb
  Rendering recipes/index.html.erb within layouts/application
  [1m[36mRecipe Load (0.4ms)[0m  [1m[34mSELECT "recipes".* FROM "recipes"[0m
  ↳ app/views/recipes/index.html.erb:14
  Rendered recipes/index.html.erb within layouts/application (Duration: 6.8ms | Allocations: 2812)
  Rendered layout layouts/application.html.erb (Duration: 9.7ms | Allocations: 4215)
Completed 200 OK in 11ms (Views: 10.0ms | ActiveRecord: 0.4ms | Allocations: 4497)


Started GET "/recipes" for ::1 at 2022-04-20 03:37:24 +0300
Processing by RecipesController#index as HTML
  Rendering layout layouts/application.html.erb
  Rendering recipes/index.html.erb within layouts/application
  [1m[36mRecipe Load (0.3ms)[0m  [1m[34mSELECT "recipes".* FROM "recipes"[0m
  ↳ app/views/recipes/index.html.erb:14
  Rendered recipes/index.html.erb within layouts/application (Duration: 8.1ms | Allocations: 3519)
  Rendered layout layouts/application.html.erb (Duration: 11.1ms | Allocations: 5210)
Completed 200 OK in 14ms (Views: 13.2ms | ActiveRecord: 0.3ms | Allocations: 6055)


Started GET "/recipes" for ::1 at 2022-04-20 03:37:43 +0300
Processing by RecipesController#index as HTML
  Rendering layout layouts/application.html.erb
  Rendering recipes/index.html.erb within layouts/application
  [1m[36mRecipe Load (0.4ms)[0m  [1m[34mSELECT "recipes".* FROM "recipes"[0m
  ↳ app/views/recipes/index.html.erb:14
  Rendered recipes/index.html.erb within layouts/application (Duration: 8.9ms | Allocations: 3510)
  Rendered layout layouts/application.html.erb (Duration: 13.6ms | Allocations: 5210)
Completed 200 OK in 17ms (Views: 15.3ms | ActiveRecord: 0.4ms | Allocations: 6082)


Started GET "/recipes" for ::1 at 2022-04-20 03:37:54 +0300
Processing by RecipesController#index as HTML
  Rendering layout layouts/application.html.erb
  Rendering recipes/index.html.erb within layouts/application
  [1m[36mRecipe Load (0.4ms)[0m  [1m[34mSELECT "recipes".* FROM "recipes"[0m
  ↳ app/views/recipes/index.html.erb:14
  Rendered recipes/index.html.erb within layouts/application (Duration: 10.7ms | Allocations: 3518)
  Rendered layout layouts/application.html.erb (Duration: 14.8ms | Allocations: 5209)
Completed 200 OK in 20ms (Views: 18.8ms | ActiveRecord: 0.4ms | Allocations: 6081)


Started GET "/recipes" for ::1 at 2022-04-20 03:39:01 +0300
Processing by RecipesController#index as HTML
  Rendering layout layouts/application.html.erb
  Rendering recipes/index.html.erb within layouts/application
  [1m[36mRecipe Load (0.4ms)[0m  [1m[34mSELECT "recipes".* FROM "recipes"[0m
  ↳ app/views/recipes/index.html.erb:14
  Rendered recipes/index.html.erb within layouts/application (Duration: 11.7ms | Allocations: 3499)
  Rendered layout layouts/application.html.erb (Duration: 15.6ms | Allocations: 5190)
Completed 200 OK in 20ms (Views: 18.0ms | ActiveRecord: 0.4ms | Allocations: 6062)


Started GET "/recipes" for ::1 at 2022-04-20 03:39:06 +0300
Processing by RecipesController#index as HTML
  Rendering layout layouts/application.html.erb
  Rendering recipes/index.html.erb within layouts/application
  [1m[36mRecipe Load (0.6ms)[0m  [1m[34mSELECT "recipes".* FROM "recipes"[0m
  ↳ app/views/recipes/index.html.erb:14
  Rendered recipes/index.html.erb within layouts/application (Duration: 9.3ms | Allocations: 2794)
  Rendered layout layouts/application.html.erb (Duration: 12.9ms | Allocations: 4197)
Completed 200 OK in 14ms (Views: 13.0ms | ActiveRecord: 0.6ms | Allocations: 4502)


Started GET "/recipes" for ::1 at 2022-04-20 03:39:26 +0300
Processing by RecipesController#index as HTML
  Rendering layout layouts/application.html.erb
  Rendering recipes/index.html.erb within layouts/application
  [1m[36mRecipe Load (0.4ms)[0m  [1m[34mSELECT "recipes".* FROM "recipes"[0m
  ↳ app/views/recipes/index.html.erb:14
  Rendered recipes/index.html.erb within layouts/application (Duration: 10.9ms | Allocations: 3487)
  Rendered layout layouts/application.html.erb (Duration: 14.4ms | Allocations: 5178)
Completed 200 OK in 19ms (Views: 17.0ms | ActiveRecord: 0.4ms | Allocations: 6027)


Started DELETE "/recipes/%23%3CRecipe::ActiveRecord_Relation:0x00007fd8631f6088%3E" for ::1 at 2022-04-20 03:39:46 +0300
Processing by RecipesController#destroy as TURBO_STREAM
  Parameters: {"id"=>"#<Recipe::ActiveRecord_Relation:0x00007fd8631f6088>"}
  [1m[36mRecipe Load (1.4ms)[0m  [1m[34mSELECT "recipes".* FROM "recipes" WHERE "recipes"."id" = $1 LIMIT $2[0m  [["id", nil], ["LIMIT", 1]]
  ↳ app/controllers/recipes_controller.rb:8:in `destroy'
Completed 404 Not Found in 8ms (ActiveRecord: 1.4ms | Allocations: 1209)


  
ActiveRecord::RecordNotFound (Couldn't find Recipe with 'id'=#<Recipe::ActiveRecord_Relation:0x00007fd8631f6088>):
  
app/controllers/recipes_controller.rb:8:in `destroy'
Started GET "/recipes" for ::1 at 2022-04-20 03:39:46 +0300
Processing by RecipesController#index as HTML
  Rendering layout layouts/application.html.erb
  Rendering recipes/index.html.erb within layouts/application
  [1m[36mRecipe Load (0.3ms)[0m  [1m[34mSELECT "recipes".* FROM "recipes"[0m
  ↳ app/views/recipes/index.html.erb:14
  Rendered recipes/index.html.erb within layouts/application (Duration: 7.1ms | Allocations: 2821)
  Rendered layout layouts/application.html.erb (Duration: 9.5ms | Allocations: 4224)
Completed 200 OK in 11ms (Views: 9.9ms | ActiveRecord: 0.3ms | Allocations: 4523)


